c:\users\arnau\documents\uni\q6\vj\opengl_vs2015\2dgame\vj-fib\02-bubble\debug\vc143.pdb
c:\users\arnau\documents\uni\q6\vj\opengl_vs2015\2dgame\vj-fib\02-bubble\debug\vc143.idb
c:\users\arnau\documents\uni\q6\vj\opengl_vs2015\2dgame\vj-fib\02-bubble\debug\texture.obj
c:\users\arnau\documents\uni\q6\vj\opengl_vs2015\2dgame\vj-fib\02-bubble\debug\sprite.obj
c:\users\arnau\documents\uni\q6\vj\opengl_vs2015\2dgame\vj-fib\02-bubble\debug\shaderprogram.obj
c:\users\arnau\documents\uni\q6\vj\opengl_vs2015\2dgame\vj-fib\02-bubble\debug\shader.obj
c:\users\arnau\documents\uni\q6\vj\opengl_vs2015\2dgame\vj-fib\02-bubble\debug\smallheart.obj
c:\users\arnau\documents\uni\q6\vj\opengl_vs2015\2dgame\vj-fib\02-bubble\debug\gamescene.obj
c:\users\arnau\documents\uni\q6\vj\opengl_vs2015\2dgame\vj-fib\02-bubble\debug\player.obj
c:\users\arnau\documents\uni\q6\vj\opengl_vs2015\2dgame\vj-fib\02-bubble\debug\menuscene.obj
c:\users\arnau\documents\uni\q6\vj\opengl_vs2015\2dgame\vj-fib\02-bubble\debug\main.obj
c:\users\arnau\documents\uni\q6\vj\opengl_vs2015\2dgame\vj-fib\02-bubble\debug\helmet.obj
c:\users\arnau\documents\uni\q6\vj\opengl_vs2015\2dgame\vj-fib\02-bubble\debug\gourd.obj
c:\users\arnau\documents\uni\q6\vj\opengl_vs2015\2dgame\vj-fib\02-bubble\debug\game.obj
c:\users\arnau\documents\uni\q6\vj\opengl_vs2015\2dgame\vj-fib\02-bubble\debug\enemysnail.obj
c:\users\arnau\documents\uni\q6\vj\opengl_vs2015\2dgame\vj-fib\02-bubble\debug\enemyflower.obj
c:\users\arnau\documents\uni\q6\vj\opengl_vs2015\2dgame\vj-fib\02-bubble\debug\enemyelephant.obj
c:\users\arnau\documents\uni\q6\vj\opengl_vs2015\2dgame\vj-fib\02-bubble\debug\enemy.obj
c:\users\arnau\documents\uni\q6\vj\opengl_vs2015\2dgame\vj-fib\02-bubble\debug\bullet.obj
c:\users\arnau\documents\uni\q6\vj\opengl_vs2015\2dgame\vj-fib\02-bubble\debug\boss.obj
c:\users\arnau\documents\uni\q6\vj\opengl_vs2015\2dgame\vj-fib\02-bubble\debug\bigheart.obj
c:\users\arnau\documents\uni\q6\vj\opengl_vs2015\2dgame\vj-fib\02-bubble\debug\armor.obj
c:\users\arnau\documents\uni\q6\vj\opengl_vs2015\2dgame\vj-fib\02-bubble\debug\totem.obj
c:\users\arnau\documents\uni\q6\vj\opengl_vs2015\2dgame\vj-fib\02-bubble\debug\tilemap.obj
c:\users\arnau\documents\uni\q6\vj\opengl_vs2015\2dgame\vj-fib\02-bubble\debug\ui.obj
c:\users\arnau\documents\uni\q6\vj\opengl_vs2015\2dgame\vj-fib\02-bubble\debug\creditsscene.obj
c:\users\arnau\documents\uni\q6\vj\opengl_vs2015\2dgame\vj-fib\02-bubble\debug\gamescene.obj.enc
c:\users\arnau\documents\uni\q6\vj\opengl_vs2015\2dgame\vj-fib\debug\02-bubble.pdb
c:\users\arnau\documents\uni\q6\vj\opengl_vs2015\2dgame\vj-fib\02-bubble\debug\02-bubble.tlog\cl.command.1.tlog
c:\users\arnau\documents\uni\q6\vj\opengl_vs2015\2dgame\vj-fib\02-bubble\debug\02-bubble.tlog\cl.read.1.tlog
c:\users\arnau\documents\uni\q6\vj\opengl_vs2015\2dgame\vj-fib\02-bubble\debug\02-bubble.tlog\cl.write.1.tlog
c:\users\arnau\documents\uni\q6\vj\opengl_vs2015\2dgame\vj-fib\02-bubble\debug\02-bubble.tlog\link-cvtres.read.1.tlog
c:\users\arnau\documents\uni\q6\vj\opengl_vs2015\2dgame\vj-fib\02-bubble\debug\02-bubble.tlog\link-cvtres.write.1.tlog
c:\users\arnau\documents\uni\q6\vj\opengl_vs2015\2dgame\vj-fib\02-bubble\debug\02-bubble.tlog\link-rc.read.1.tlog
c:\users\arnau\documents\uni\q6\vj\opengl_vs2015\2dgame\vj-fib\02-bubble\debug\02-bubble.tlog\link-rc.write.1.tlog
c:\users\arnau\documents\uni\q6\vj\opengl_vs2015\2dgame\vj-fib\02-bubble\debug\02-bubble.tlog\link.command.1.tlog
c:\users\arnau\documents\uni\q6\vj\opengl_vs2015\2dgame\vj-fib\02-bubble\debug\02-bubble.tlog\link.read.1.tlog
c:\users\arnau\documents\uni\q6\vj\opengl_vs2015\2dgame\vj-fib\02-bubble\debug\02-bubble.tlog\link.write.1.tlog
