c:\users\arnau\documents\uni\q6\vj\opengl_vs2015\2dgame\vj-fib\projecte\whomp'em\release\vc143.pdb
c:\users\arnau\documents\uni\q6\vj\opengl_vs2015\2dgame\vj-fib\projecte\whomp'em\release\soundmanager.obj
c:\users\arnau\documents\uni\q6\vj\opengl_vs2015\2dgame\vj-fib\projecte\whomp'em\release\shaderprogram.obj
c:\users\arnau\documents\uni\q6\vj\opengl_vs2015\2dgame\vj-fib\projecte\whomp'em\release\shader.obj
c:\users\arnau\documents\uni\q6\vj\opengl_vs2015\2dgame\vj-fib\projecte\whomp'em\release\smallheart.obj
c:\users\arnau\documents\uni\q6\vj\opengl_vs2015\2dgame\vj-fib\projecte\whomp'em\release\gamescene.obj
c:\users\arnau\documents\uni\q6\vj\opengl_vs2015\2dgame\vj-fib\projecte\whomp'em\release\player.obj
c:\users\arnau\documents\uni\q6\vj\opengl_vs2015\2dgame\vj-fib\projecte\whomp'em\release\menuscene.obj
c:\users\arnau\documents\uni\q6\vj\opengl_vs2015\2dgame\vj-fib\projecte\whomp'em\release\main.obj
c:\users\arnau\documents\uni\q6\vj\opengl_vs2015\2dgame\vj-fib\projecte\whomp'em\release\helmet.obj
c:\users\arnau\documents\uni\q6\vj\opengl_vs2015\2dgame\vj-fib\projecte\whomp'em\release\gourd.obj
c:\users\arnau\documents\uni\q6\vj\opengl_vs2015\2dgame\vj-fib\projecte\whomp'em\release\game.obj
c:\users\arnau\documents\uni\q6\vj\opengl_vs2015\2dgame\vj-fib\projecte\whomp'em\release\enemysnail.obj
c:\users\arnau\documents\uni\q6\vj\opengl_vs2015\2dgame\vj-fib\projecte\whomp'em\release\enemyflower.obj
c:\users\arnau\documents\uni\q6\vj\opengl_vs2015\2dgame\vj-fib\projecte\whomp'em\release\enemyelephant.obj
c:\users\arnau\documents\uni\q6\vj\opengl_vs2015\2dgame\vj-fib\projecte\whomp'em\release\enemy.obj
c:\users\arnau\documents\uni\q6\vj\opengl_vs2015\2dgame\vj-fib\projecte\whomp'em\release\creditsscene.obj
c:\users\arnau\documents\uni\q6\vj\opengl_vs2015\2dgame\vj-fib\projecte\whomp'em\release\bullet.obj
c:\users\arnau\documents\uni\q6\vj\opengl_vs2015\2dgame\vj-fib\projecte\whomp'em\release\boss.obj
c:\users\arnau\documents\uni\q6\vj\opengl_vs2015\2dgame\vj-fib\projecte\whomp'em\release\bigheart.obj
c:\users\arnau\documents\uni\q6\vj\opengl_vs2015\2dgame\vj-fib\projecte\whomp'em\release\armor.obj
c:\users\arnau\documents\uni\q6\vj\opengl_vs2015\2dgame\vj-fib\projecte\whomp'em\release\ui.obj
c:\users\arnau\documents\uni\q6\vj\opengl_vs2015\2dgame\vj-fib\projecte\whomp'em\release\totem.obj
c:\users\arnau\documents\uni\q6\vj\opengl_vs2015\2dgame\vj-fib\projecte\whomp'em\release\tilemap.obj
c:\users\arnau\documents\uni\q6\vj\opengl_vs2015\2dgame\vj-fib\projecte\whomp'em\release\texture.obj
c:\users\arnau\documents\uni\q6\vj\opengl_vs2015\2dgame\vj-fib\projecte\whomp'em\release\sprite.obj
c:\users\arnau\documents\uni\q6\vj\opengl_vs2015\2dgame\vj-fib\projecte\release\whomp'em.exe
c:\users\arnau\documents\uni\q6\vj\opengl_vs2015\2dgame\vj-fib\projecte\release\whomp'em.pdb
c:\users\arnau\documents\uni\q6\vj\opengl_vs2015\2dgame\vj-fib\projecte\whomp'em\release\whomp'em.ipdb
c:\users\arnau\documents\uni\q6\vj\opengl_vs2015\2dgame\vj-fib\projecte\whomp'em\release\whomp'em.iobj
c:\users\arnau\documents\uni\q6\vj\opengl_vs2015\2dgame\vj-fib\projecte\whomp'em\release\whomp'em.tlog\cl.command.1.tlog
c:\users\arnau\documents\uni\q6\vj\opengl_vs2015\2dgame\vj-fib\projecte\whomp'em\release\whomp'em.tlog\cl.items.tlog
c:\users\arnau\documents\uni\q6\vj\opengl_vs2015\2dgame\vj-fib\projecte\whomp'em\release\whomp'em.tlog\cl.read.1.tlog
c:\users\arnau\documents\uni\q6\vj\opengl_vs2015\2dgame\vj-fib\projecte\whomp'em\release\whomp'em.tlog\cl.write.1.tlog
c:\users\arnau\documents\uni\q6\vj\opengl_vs2015\2dgame\vj-fib\projecte\whomp'em\release\whomp'em.tlog\link.command.1.tlog
c:\users\arnau\documents\uni\q6\vj\opengl_vs2015\2dgame\vj-fib\projecte\whomp'em\release\whomp'em.tlog\link.read.1.tlog
c:\users\arnau\documents\uni\q6\vj\opengl_vs2015\2dgame\vj-fib\projecte\whomp'em\release\whomp'em.tlog\link.secondary.1.tlog
c:\users\arnau\documents\uni\q6\vj\opengl_vs2015\2dgame\vj-fib\projecte\whomp'em\release\whomp'em.tlog\link.write.1.tlog
