c:\users\arnau\documents\uni\q6\vj\opengl_vs2015\2dgame\vj-fib\projecte\whomp'em\debug\vc143.pdb
c:\users\arnau\documents\uni\q6\vj\opengl_vs2015\2dgame\vj-fib\projecte\whomp'em\debug\vc143.idb
c:\users\arnau\documents\uni\q6\vj\opengl_vs2015\2dgame\vj-fib\projecte\whomp'em\debug\soundmanager.obj
c:\users\arnau\documents\uni\q6\vj\opengl_vs2015\2dgame\vj-fib\projecte\whomp'em\debug\shaderprogram.obj
c:\users\arnau\documents\uni\q6\vj\opengl_vs2015\2dgame\vj-fib\projecte\whomp'em\debug\shader.obj
c:\users\arnau\documents\uni\q6\vj\opengl_vs2015\2dgame\vj-fib\projecte\whomp'em\debug\smallheart.obj
c:\users\arnau\documents\uni\q6\vj\opengl_vs2015\2dgame\vj-fib\projecte\whomp'em\debug\gamescene.obj
c:\users\arnau\documents\uni\q6\vj\opengl_vs2015\2dgame\vj-fib\projecte\whomp'em\debug\player.obj
c:\users\arnau\documents\uni\q6\vj\opengl_vs2015\2dgame\vj-fib\projecte\whomp'em\debug\menuscene.obj
c:\users\arnau\documents\uni\q6\vj\opengl_vs2015\2dgame\vj-fib\projecte\whomp'em\debug\main.obj
c:\users\arnau\documents\uni\q6\vj\opengl_vs2015\2dgame\vj-fib\projecte\whomp'em\debug\helmet.obj
c:\users\arnau\documents\uni\q6\vj\opengl_vs2015\2dgame\vj-fib\projecte\whomp'em\debug\gourd.obj
c:\users\arnau\documents\uni\q6\vj\opengl_vs2015\2dgame\vj-fib\projecte\whomp'em\debug\game.obj
c:\users\arnau\documents\uni\q6\vj\opengl_vs2015\2dgame\vj-fib\projecte\whomp'em\debug\enemysnail.obj
c:\users\arnau\documents\uni\q6\vj\opengl_vs2015\2dgame\vj-fib\projecte\whomp'em\debug\enemyflower.obj
c:\users\arnau\documents\uni\q6\vj\opengl_vs2015\2dgame\vj-fib\projecte\whomp'em\debug\enemyelephant.obj
c:\users\arnau\documents\uni\q6\vj\opengl_vs2015\2dgame\vj-fib\projecte\whomp'em\debug\enemy.obj
c:\users\arnau\documents\uni\q6\vj\opengl_vs2015\2dgame\vj-fib\projecte\whomp'em\debug\creditsscene.obj
c:\users\arnau\documents\uni\q6\vj\opengl_vs2015\2dgame\vj-fib\projecte\whomp'em\debug\bullet.obj
c:\users\arnau\documents\uni\q6\vj\opengl_vs2015\2dgame\vj-fib\projecte\whomp'em\debug\boss.obj
c:\users\arnau\documents\uni\q6\vj\opengl_vs2015\2dgame\vj-fib\projecte\whomp'em\debug\bigheart.obj
c:\users\arnau\documents\uni\q6\vj\opengl_vs2015\2dgame\vj-fib\projecte\whomp'em\debug\armor.obj
c:\users\arnau\documents\uni\q6\vj\opengl_vs2015\2dgame\vj-fib\projecte\whomp'em\debug\ui.obj
c:\users\arnau\documents\uni\q6\vj\opengl_vs2015\2dgame\vj-fib\projecte\whomp'em\debug\totem.obj
c:\users\arnau\documents\uni\q6\vj\opengl_vs2015\2dgame\vj-fib\projecte\whomp'em\debug\tilemap.obj
c:\users\arnau\documents\uni\q6\vj\opengl_vs2015\2dgame\vj-fib\projecte\whomp'em\debug\texture.obj
c:\users\arnau\documents\uni\q6\vj\opengl_vs2015\2dgame\vj-fib\projecte\whomp'em\debug\sprite.obj
c:\users\arnau\documents\uni\q6\vj\opengl_vs2015\2dgame\vj-fib\projecte\debug\whomp'em.exe
c:\users\arnau\documents\uni\q6\vj\opengl_vs2015\2dgame\vj-fib\projecte\debug\whomp'em.pdb
c:\users\arnau\documents\uni\q6\vj\opengl_vs2015\2dgame\vj-fib\projecte\whomp'em\debug\whomp'em.ilk
c:\users\arnau\documents\uni\q6\vj\opengl_vs2015\2dgame\vj-fib\projecte\whomp'em\debug\whomp'em.tlog\cl.command.1.tlog
c:\users\arnau\documents\uni\q6\vj\opengl_vs2015\2dgame\vj-fib\projecte\whomp'em\debug\whomp'em.tlog\cl.items.tlog
c:\users\arnau\documents\uni\q6\vj\opengl_vs2015\2dgame\vj-fib\projecte\whomp'em\debug\whomp'em.tlog\cl.read.1.tlog
c:\users\arnau\documents\uni\q6\vj\opengl_vs2015\2dgame\vj-fib\projecte\whomp'em\debug\whomp'em.tlog\cl.write.1.tlog
c:\users\arnau\documents\uni\q6\vj\opengl_vs2015\2dgame\vj-fib\projecte\whomp'em\debug\whomp'em.tlog\link.command.1.tlog
c:\users\arnau\documents\uni\q6\vj\opengl_vs2015\2dgame\vj-fib\projecte\whomp'em\debug\whomp'em.tlog\link.read.1.tlog
c:\users\arnau\documents\uni\q6\vj\opengl_vs2015\2dgame\vj-fib\projecte\whomp'em\debug\whomp'em.tlog\link.secondary.1.tlog
c:\users\arnau\documents\uni\q6\vj\opengl_vs2015\2dgame\vj-fib\projecte\whomp'em\debug\whomp'em.tlog\link.write.1.tlog
